<?xml version="1.0" encoding="UTF-8"?>
<!-- Generated by org.testng.reporters.JUnitXMLReporter -->
<testsuite hostname="LAPTOP-HTR85R0L" ignored="0" name="Test" tests="3" failures="0" timestamp="2022-10-29T12:54:06 IST" time="0.065" errors="0">
  <testcase name="DeleteCustomerTest" time="0.01" classname="DeleteCustomer.DeleteCustomer"/>
  <testcase name="ModifyCustomerTest" time="0.002" classname="ModifyCustomer.ModifyCustomer"/>
  <testcase name="CreateCustomerTest" time="0.001" classname="CreateCustomer.CreateCustomer"/>
</testsuite> <!-- Test -->
